<?xml version="1.0" encoding="UTF-8" standalone="yes"?><!DOCTYPE report PUBLIC "-//JACOCO//DTD Report 1.1//EN" "report.dtd"><report name="Provisioning features for Karaf"><sessioninfo id="panna-ac310a4c" start="1554229673247" dump="1554229690827"/><sessioninfo id="panna-9ddab6d2" start="1554229701062" dump="1554229716515"/><sessioninfo id="panna-76984575" start="1554229722036" dump="1554229740809"/><sessioninfo id="panna-b28187f7" start="1554229764307" dump="1554229777560"/><sessioninfo id="panna-4f9add29" start="1554229781450" dump="1554229825291"/><sessioninfo id="panna-fe4bf2a6" start="1554229833797" dump="1554229884326"/><sessioninfo id="panna-cbb09b53" start="1554229910034" dump="1554229928935"/><sessioninfo id="panna-ac3a4f84" start="1554229978083" dump="1554230001293"/><sessioninfo id="panna-2fe1b85e" start="1554230022054" dump="1554230047243"/><sessioninfo id="panna-da832b2f" start="1554230051188" dump="1554230084588"/><sessioninfo id="panna-41e4c37b" start="1554230105376" dump="1554230121479"/><sessioninfo id="panna-9684f3e" start="1554230144874" dump="1554230191066"/><sessioninfo id="panna-df38d5a" start="1554230211316" dump="1554230247652"/></report>