<?xml version="1.0" encoding="UTF-8" standalone="yes"?><!DOCTYPE report PUBLIC "-//JACOCO//DTD Report 1.1//EN" "report.dtd"><report name="Fedora LDPath service"><sessioninfo id="panna-57de5a07" start="1554229933852" dump="1554229968566"/><group name="fcrepo-ldpath"><package name="org/fcrepo/camel/ldpath"><class name="org/fcrepo/camel/ldpath/LDPathWrapper" sourcefilename="LDPathWrapper.java"><method name="&lt;init&gt;" desc="(Lorg/apache/marmotta/ldpath/backend/linkeddata/LDCacheBackend;Ljava/util/Set;)V" line="66"><counter type="INSTRUCTION" missed="19" covered="0"/><counter type="BRANCH" missed="2" covered="0"/><counter type="LINE" missed="5" covered="0"/><counter type="COMPLEXITY" missed="2" covered="0"/><counter type="METHOD" missed="1" covered="0"/></method><method name="&lt;init&gt;" desc="(Lorg/apache/marmotta/ldpath/backend/linkeddata/LDCacheBackend;)V" line="76"><counter type="INSTRUCTION" missed="0" covered="69"/><counter type="LINE" missed="0" covered="13"/><counter type="COMPLEXITY" missed="0" covered="1"/><counter type="METHOD" missed="0" covered="1"/></method><method name="programQuery" desc="(Ljava/lang/String;Ljava/io/InputStream;)Ljava/util/List;" line="104"><counter type="INSTRUCTION" missed="0" covered="13"/><counter type="LINE" missed="0" covered="1"/><counter type="COMPLEXITY" missed="0" covered="1"/><counter type="METHOD" missed="0" covered="1"/></method><counter type="INSTRUCTION" missed="19" covered="82"/><counter type="BRANCH" missed="2" covered="0"/><counter type="LINE" missed="5" covered="14"/><counter type="COMPLEXITY" missed="2" covered="2"/><counter type="METHOD" missed="1" covered="2"/><counter type="CLASS" missed="0" covered="1"/></class><class name="org/fcrepo/camel/ldpath/FedoraEndpoint" sourcefilename="FedoraEndpoint.java"><method name="&lt;init&gt;" desc="(Ljava/lang/String;)V" line="38"><counter type="INSTRUCTION" missed="6" covered="0"/><counter type="LINE" missed="2" covered="0"/><counter type="COMPLEXITY" missed="1" covered="0"/><counter type="METHOD" missed="1" covered="0"/></method><method name="&lt;init&gt;" desc="(Ljava/lang/String;Ljava/lang/Long;)V" line="51"><counter type="INSTRUCTION" missed="0" covered="50"/><counter type="LINE" missed="0" covered="7"/><counter type="COMPLEXITY" missed="0" covered="1"/><counter type="METHOD" missed="0" covered="1"/></method><counter type="INSTRUCTION" missed="6" covered="50"/><counter type="LINE" missed="2" covered="7"/><counter type="COMPLEXITY" missed="1" covered="1"/><counter type="METHOD" missed="1" covered="1"/><counter type="CLASS" missed="0" covered="1"/></class><class name="org/fcrepo/camel/ldpath/FedoraProvider" sourcefilename="FedoraProvider.java"><method name="&lt;init&gt;" desc="(Lorg/fcrepo/client/FcrepoHttpClientBuilder;)V" line="54"><counter type="INSTRUCTION" missed="0" covered="13"/><counter type="LINE" missed="0" covered="5"/><counter type="COMPLEXITY" missed="0" covered="1"/><counter type="METHOD" missed="0" covered="1"/></method><method name="getName" desc="()Ljava/lang/String;" line="70"><counter type="INSTRUCTION" missed="2" covered="0"/><counter type="LINE" missed="1" covered="0"/><counter type="COMPLEXITY" missed="1" covered="0"/><counter type="METHOD" missed="1" covered="0"/></method><method name="buildRequestUrl" desc="(Ljava/lang/String;Lorg/apache/marmotta/ldclient/api/endpoint/Endpoint;)Ljava/util/List;" line="78"><counter type="INSTRUCTION" missed="34" covered="0"/><counter type="BRANCH" missed="2" covered="0"/><counter type="LINE" missed="10" covered="0"/><counter type="COMPLEXITY" missed="2" covered="0"/><counter type="METHOD" missed="1" covered="0"/></method><method name="getNonRDFSourceDescribedByUri" desc="(Ljava/lang/String;)Ljava/util/Optional;" line="96"><counter type="INSTRUCTION" missed="71" covered="0"/><counter type="BRANCH" missed="12" covered="0"/><counter type="LINE" missed="15" covered="0"/><counter type="COMPLEXITY" missed="7" covered="0"/><counter type="METHOD" missed="1" covered="0"/></method><method name="getLinkHeaders" desc="(Ljava/lang/String;)[Lorg/apache/http/Header;" line="121"><counter type="INSTRUCTION" missed="30" covered="0"/><counter type="LINE" missed="4" covered="0"/><counter type="COMPLEXITY" missed="1" covered="0"/><counter type="METHOD" missed="1" covered="0"/></method><method name="&lt;clinit&gt;" desc="()V" line="48"><counter type="INSTRUCTION" missed="0" covered="4"/><counter type="LINE" missed="0" covered="1"/><counter type="COMPLEXITY" missed="0" covered="1"/><counter type="METHOD" missed="0" covered="1"/></method><counter type="INSTRUCTION" missed="137" covered="17"/><counter type="BRANCH" missed="14" covered="0"/><counter type="LINE" missed="30" covered="6"/><counter type="COMPLEXITY" missed="11" covered="2"/><counter type="METHOD" missed="4" covered="2"/><counter type="CLASS" missed="0" covered="1"/></class><class name="org/fcrepo/camel/ldpath/ClientFactory" sourcefilename="ClientFactory.java"><method name="createClient" desc="(Lorg/apache/marmotta/ldclient/api/endpoint/Endpoint;)Lorg/apache/marmotta/ldclient/model/ClientConfiguration;" line="53"><counter type="INSTRUCTION" missed="5" covered="0"/><counter type="LINE" missed="1" covered="0"/><counter type="COMPLEXITY" missed="1" covered="0"/><counter type="METHOD" missed="1" covered="0"/></method><method name="createClient" desc="(Lorg/apache/marmotta/ldclient/api/provider/DataProvider;)Lorg/apache/marmotta/ldclient/model/ClientConfiguration;" line="62"><counter type="INSTRUCTION" missed="7" covered="0"/><counter type="LINE" missed="1" covered="0"/><counter type="COMPLEXITY" missed="1" covered="0"/><counter type="METHOD" missed="1" covered="0"/></method><method name="createClient" desc="(Lorg/apache/marmotta/ldclient/api/endpoint/Endpoint;Lorg/apache/marmotta/ldclient/api/provider/DataProvider;)Lorg/apache/marmotta/ldclient/model/ClientConfiguration;" line="73"><counter type="INSTRUCTION" missed="6" covered="0"/><counter type="LINE" missed="1" covered="0"/><counter type="COMPLEXITY" missed="1" covered="0"/><counter type="METHOD" missed="1" covered="0"/></method><method name="createClient" desc="(Ljava/util/List;Ljava/util/List;)Lorg/apache/marmotta/ldclient/model/ClientConfiguration;" line="83"><counter type="INSTRUCTION" missed="6" covered="0"/><counter type="LINE" missed="1" covered="0"/><counter type="COMPLEXITY" missed="1" covered="0"/><counter type="METHOD" missed="1" covered="0"/></method><method name="createClient" desc="(Lorg/apache/http/auth/AuthScope;Lorg/apache/http/auth/Credentials;)Lorg/apache/marmotta/ldclient/model/ClientConfiguration;" line="93"><counter type="INSTRUCTION" missed="6" covered="0"/><counter type="LINE" missed="1" covered="0"/><counter type="COMPLEXITY" missed="1" covered="0"/><counter type="METHOD" missed="1" covered="0"/></method><method name="createClient" desc="(Lorg/apache/http/auth/AuthScope;Lorg/apache/http/auth/Credentials;Ljava/util/List;Ljava/util/List;)Lorg/apache/marmotta/ldclient/model/ClientConfiguration;" line="107"><counter type="INSTRUCTION" missed="0" covered="64"/><counter type="BRANCH" missed="2" covered="2"/><counter type="LINE" missed="0" covered="15"/><counter type="COMPLEXITY" missed="2" covered="1"/><counter type="METHOD" missed="0" covered="1"/></method><counter type="INSTRUCTION" missed="30" covered="64"/><counter type="BRANCH" missed="2" covered="2"/><counter type="LINE" missed="5" covered="15"/><counter type="COMPLEXITY" missed="7" covered="1"/><counter type="METHOD" missed="5" covered="1"/><counter type="CLASS" missed="0" covered="1"/></class><class name="org/fcrepo/camel/ldpath/LDPathRouter" sourcefilename="LDPathRouter.java"><method name="&lt;init&gt;" desc="()V" line="38"><counter type="INSTRUCTION" missed="0" covered="3"/><counter type="LINE" missed="0" covered="1"/><counter type="COMPLEXITY" missed="0" covered="1"/><counter type="METHOD" missed="0" covered="1"/></method><method name="configure" desc="()V" line="50"><counter type="INSTRUCTION" missed="0" covered="139"/><counter type="LINE" missed="0" covered="35"/><counter type="COMPLEXITY" missed="0" covered="1"/><counter type="METHOD" missed="0" covered="1"/></method><method name="&lt;clinit&gt;" desc="()V" line="40"><counter type="INSTRUCTION" missed="0" covered="4"/><counter type="LINE" missed="0" covered="1"/><counter type="COMPLEXITY" missed="0" covered="1"/><counter type="METHOD" missed="0" covered="1"/></method><counter type="INSTRUCTION" missed="0" covered="146"/><counter type="LINE" missed="0" covered="37"/><counter type="COMPLEXITY" missed="0" covered="3"/><counter type="METHOD" missed="0" covered="3"/><counter type="CLASS" missed="0" covered="1"/></class><sourcefile name="FedoraEndpoint.java"><line nr="38" mi="5" ci="0" mb="0" cb="0"/><line nr="39" mi="1" ci="0" mb="0" cb="0"/><line nr="51" mi="0" ci="14" mb="0" cb="0"/><line nr="52" mi="0" ci="3" mb="0" cb="0"/><line nr="53" mi="0" ci="8" mb="0" cb="0"/><line nr="54" mi="0" ci="8" mb="0" cb="0"/><line nr="55" mi="0" ci="8" mb="0" cb="0"/><line nr="56" mi="0" ci="8" mb="0" cb="0"/><line nr="57" mi="0" ci="1" mb="0" cb="0"/><counter type="INSTRUCTION" missed="6" covered="50"/><counter type="LINE" missed="2" covered="7"/><counter type="COMPLEXITY" missed="1" covered="1"/><counter type="METHOD" missed="1" covered="1"/><counter type="CLASS" missed="0" covered="1"/></sourcefile><sourcefile name="LDPathWrapper.java"><line nr="66" mi="3" ci="0" mb="0" cb="0"/><line nr="67" mi="10" ci="0" mb="2" cb="0"/><line nr="68" mi="4" ci="0" mb="0" cb="0"/><line nr="69" mi="1" ci="0" mb="0" cb="0"/><line nr="70" mi="1" ci="0" mb="0" cb="0"/><line nr="76" mi="0" ci="2" mb="0" cb="0"/><line nr="81" mi="0" ci="6" mb="0" cb="0"/><line nr="82" mi="0" ci="6" mb="0" cb="0"/><line nr="83" mi="0" ci="6" mb="0" cb="0"/><line nr="84" mi="0" ci="6" mb="0" cb="0"/><line nr="85" mi="0" ci="6" mb="0" cb="0"/><line nr="86" mi="0" ci="6" mb="0" cb="0"/><line nr="87" mi="0" ci="6" mb="0" cb="0"/><line nr="88" mi="0" ci="6" mb="0" cb="0"/><line nr="89" mi="0" ci="6" mb="0" cb="0"/><line nr="90" mi="0" ci="6" mb="0" cb="0"/><line nr="92" mi="0" ci="6" mb="0" cb="0"/><line nr="93" mi="0" ci="1" mb="0" cb="0"/><line nr="104" mi="0" ci="13" mb="0" cb="0"/><counter type="INSTRUCTION" missed="19" covered="82"/><counter type="BRANCH" missed="2" covered="0"/><counter type="LINE" missed="5" covered="14"/><counter type="COMPLEXITY" missed="2" covered="2"/><counter type="METHOD" missed="1" covered="2"/><counter type="CLASS" missed="0" covered="1"/></sourcefile><sourcefile name="FedoraProvider.java"><line nr="48" mi="0" ci="4" mb="0" cb="0"/><line nr="54" mi="0" ci="3" mb="0" cb="0"/><line nr="60" mi="0" ci="2" mb="0" cb="0"/><line nr="61" mi="0" ci="3" mb="0" cb="0"/><line nr="62" mi="0" ci="4" mb="0" cb="0"/><line nr="63" mi="0" ci="1" mb="0" cb="0"/><line nr="70" mi="2" ci="0" mb="0" cb="0"/><line nr="78" mi="10" ci="0" mb="0" cb="0"/><line nr="79" mi="3" ci="0" mb="0" cb="0"/><line nr="81" mi="2" ci="0" mb="0" cb="0"/><line nr="82" mi="2" ci="0" mb="0" cb="0"/><line nr="83" mi="3" ci="0" mb="2" cb="0"/><line nr="84" mi="4" ci="0" mb="0" cb="0"/><line nr="86" mi="1" ci="0" mb="0" cb="0"/><line nr="87" mi="5" ci="0" mb="0" cb="0"/><line nr="88" mi="1" ci="0" mb="0" cb="0"/><line nr="89" mi="3" ci="0" mb="0" cb="0"/><line nr="96" mi="2" ci="0" mb="0" cb="0"/><line nr="97" mi="4" ci="0" mb="0" cb="0"/><line nr="98" mi="2" ci="0" mb="2" cb="0"/><line nr="99" mi="2" ci="0" mb="0" cb="0"/><line nr="100" mi="2" ci="0" mb="0" cb="0"/><line nr="101" mi="16" ci="0" mb="2" cb="0"/><line nr="102" mi="6" ci="0" mb="0" cb="0"/><line nr="103" mi="5" ci="0" mb="2" cb="0"/><line nr="104" mi="5" ci="0" mb="0" cb="0"/><line nr="105" mi="6" ci="0" mb="2" cb="0"/><line nr="106" mi="2" ci="0" mb="0" cb="0"/><line nr="109" mi="10" ci="0" mb="0" cb="0"/><line nr="110" mi="4" ci="0" mb="4" cb="0"/><line nr="111" mi="3" ci="0" mb="0" cb="0"/><line nr="114" mi="2" ci="0" mb="0" cb="0"/><line nr="121" mi="5" ci="0" mb="0" cb="0"/><line nr="122" mi="5" ci="0" mb="0" cb="0"/><line nr="123" mi="16" ci="0" mb="0" cb="0"/><line nr="124" mi="4" ci="0" mb="0" cb="0"/><counter type="INSTRUCTION" missed="137" covered="17"/><counter type="BRANCH" missed="14" covered="0"/><counter type="LINE" missed="30" covered="6"/><counter type="COMPLEXITY" missed="11" covered="2"/><counter type="METHOD" missed="4" covered="2"/><counter type="CLASS" missed="0" covered="1"/></sourcefile><sourcefile name="LDPathRouter.java"><line nr="38" mi="0" ci="3" mb="0" cb="0"/><line nr="40" mi="0" ci="4" mb="0" cb="0"/><line nr="50" mi="0" ci="4" mb="0" cb="0"/><line nr="53" mi="0" ci="2" mb="0" cb="0"/><line nr="54" mi="0" ci="1" mb="0" cb="0"/><line nr="55" mi="0" ci="3" mb="0" cb="0"/><line nr="56" mi="0" ci="5" mb="0" cb="0"/><line nr="57" mi="0" ci="5" mb="0" cb="0"/><line nr="58" mi="0" ci="5" mb="0" cb="0"/><line nr="59" mi="0" ci="4" mb="0" cb="0"/><line nr="61" mi="0" ci="11" mb="0" cb="0"/><line nr="62" mi="0" ci="6" mb="0" cb="0"/><line nr="63" mi="0" ci="6" mb="0" cb="0"/><line nr="64" mi="0" ci="5" mb="0" cb="0"/><line nr="65" mi="0" ci="5" mb="0" cb="0"/><line nr="66" mi="0" ci="4" mb="0" cb="0"/><line nr="67" mi="0" ci="5" mb="0" cb="0"/><line nr="68" mi="0" ci="2" mb="0" cb="0"/><line nr="70" mi="0" ci="4" mb="0" cb="0"/><line nr="71" mi="0" ci="1" mb="0" cb="0"/><line nr="72" mi="0" ci="3" mb="0" cb="0"/><line nr="73" mi="0" ci="10" mb="0" cb="0"/><line nr="74" mi="0" ci="3" mb="0" cb="0"/><line nr="75" mi="0" ci="5" mb="0" cb="0"/><line nr="76" mi="0" ci="3" mb="0" cb="0"/><line nr="77" mi="0" ci="2" mb="0" cb="0"/><line nr="78" mi="0" ci="2" mb="0" cb="0"/><line nr="79" mi="0" ci="3" mb="0" cb="0"/><line nr="80" mi="0" ci="2" mb="0" cb="0"/><line nr="82" mi="0" ci="6" mb="0" cb="0"/><line nr="83" mi="0" ci="3" mb="0" cb="0"/><line nr="84" mi="0" ci="2" mb="0" cb="0"/><line nr="86" mi="0" ci="5" mb="0" cb="0"/><line nr="87" mi="0" ci="4" mb="0" cb="0"/><line nr="88" mi="0" ci="3" mb="0" cb="0"/><line nr="89" mi="0" ci="4" mb="0" cb="0"/><line nr="90" mi="0" ci="1" mb="0" cb="0"/><counter type="INSTRUCTION" missed="0" covered="146"/><counter type="LINE" missed="0" covered="37"/><counter type="COMPLEXITY" missed="0" covered="3"/><counter type="METHOD" missed="0" covered="3"/><counter type="CLASS" missed="0" covered="1"/></sourcefile><sourcefile name="ClientFactory.java"><line nr="53" mi="5" ci="0" mb="0" cb="0"/><line nr="62" mi="7" ci="0" mb="0" cb="0"/><line nr="73" mi="6" ci="0" mb="0" cb="0"/><line nr="83" mi="6" ci="0" mb="0" cb="0"/><line nr="93" mi="6" ci="0" mb="0" cb="0"/><line nr="107" mi="0" ci="4" mb="0" cb="0"/><line nr="109" mi="0" ci="4" mb="2" cb="2"/><line nr="110" mi="0" ci="4" mb="0" cb="0"/><line nr="111" mi="0" ci="4" mb="0" cb="0"/><line nr="112" mi="0" ci="4" mb="0" cb="0"/><line nr="113" mi="0" ci="1" mb="0" cb="0"/><line nr="114" mi="0" ci="2" mb="0" cb="0"/><line nr="118" mi="0" ci="5" mb="0" cb="0"/><line nr="119" mi="0" ci="5" mb="0" cb="0"/><line nr="120" mi="0" ci="5" mb="0" cb="0"/><line nr="121" mi="0" ci="5" mb="0" cb="0"/><line nr="122" mi="0" ci="5" mb="0" cb="0"/><line nr="125" mi="0" ci="7" mb="0" cb="0"/><line nr="126" mi="0" ci="7" mb="0" cb="0"/><line nr="128" mi="0" ci="2" mb="0" cb="0"/><counter type="INSTRUCTION" missed="30" covered="64"/><counter type="BRANCH" missed="2" covered="2"/><counter type="LINE" missed="5" covered="15"/><counter type="COMPLEXITY" missed="7" covered="1"/><counter type="METHOD" missed="5" covered="1"/><counter type="CLASS" missed="0" covered="1"/></sourcefile><counter type="INSTRUCTION" missed="192" covered="359"/><counter type="BRANCH" missed="18" covered="2"/><counter type="LINE" missed="42" covered="79"/><counter type="COMPLEXITY" missed="21" covered="9"/><counter type="METHOD" missed="11" covered="9"/><counter type="CLASS" missed="0" covered="5"/></package><counter type="INSTRUCTION" missed="192" covered="359"/><counter type="BRANCH" missed="18" covered="2"/><counter type="LINE" missed="42" covered="79"/><counter type="COMPLEXITY" missed="21" covered="9"/><counter type="METHOD" missed="11" covered="9"/><counter type="CLASS" missed="0" covered="5"/></group><counter type="INSTRUCTION" missed="192" covered="359"/><counter type="BRANCH" missed="18" covered="2"/><counter type="LINE" missed="42" covered="79"/><counter type="COMPLEXITY" missed="21" covered="9"/><counter type="METHOD" missed="11" covered="9"/><counter type="CLASS" missed="0" covered="5"/></report>