<?xml version="1.0" encoding="UTF-8" standalone="yes"?><!DOCTYPE report PUBLIC "-//JACOCO//DTD Report 1.1//EN" "report.dtd"><report name="Fedora Audit Service with a triplestore backend"><sessioninfo id="panna-ac310a4c" start="1554229673247" dump="1554229690827"/><sessioninfo id="panna-9ddab6d2" start="1554229701062" dump="1554229716515"/><group name="fcrepo-audit-triplestore"><package name="org/fcrepo/camel/audit/triplestore"><class name="org/fcrepo/camel/audit/triplestore/EventRouter" sourcefilename="EventRouter.java"><method name="&lt;init&gt;" desc="()V" line="39"><counter type="INSTRUCTION" missed="0" covered="3"/><counter type="LINE" missed="0" covered="1"/><counter type="COMPLEXITY" missed="0" covered="1"/><counter type="METHOD" missed="0" covered="1"/></method><method name="configure" desc="()V" line="51"><counter type="INSTRUCTION" missed="0" covered="61"/><counter type="LINE" missed="0" covered="17"/><counter type="COMPLEXITY" missed="0" covered="1"/><counter type="METHOD" missed="0" covered="1"/></method><method name="lambda$configure$0" desc="(Ljava/lang/String;)Lorg/apache/camel/Predicate;" line="62"><counter type="INSTRUCTION" missed="0" covered="23"/><counter type="LINE" missed="0" covered="3"/><counter type="COMPLEXITY" missed="0" covered="1"/><counter type="METHOD" missed="0" covered="1"/></method><method name="&lt;clinit&gt;" desc="()V" line="41"><counter type="INSTRUCTION" missed="0" covered="4"/><counter type="LINE" missed="0" covered="1"/><counter type="COMPLEXITY" missed="0" covered="1"/><counter type="METHOD" missed="0" covered="1"/></method><counter type="INSTRUCTION" missed="0" covered="91"/><counter type="LINE" missed="0" covered="21"/><counter type="COMPLEXITY" missed="0" covered="4"/><counter type="METHOD" missed="0" covered="4"/><counter type="CLASS" missed="0" covered="1"/></class><class name="org/fcrepo/camel/audit/triplestore/AuditSparqlProcessor" sourcefilename="AuditSparqlProcessor.java"><method name="&lt;init&gt;" desc="()V" line="62"><counter type="INSTRUCTION" missed="0" covered="3"/><counter type="LINE" missed="0" covered="1"/><counter type="COMPLEXITY" missed="0" covered="1"/><counter type="METHOD" missed="0" covered="1"/></method><method name="process" desc="(Lorg/apache/camel/Exchange;)V" line="87"><counter type="INSTRUCTION" missed="0" covered="58"/><counter type="LINE" missed="0" covered="11"/><counter type="COMPLEXITY" missed="0" covered="1"/><counter type="METHOD" missed="0" covered="1"/></method><method name="serializedGraphForMessage" desc="(Lorg/apache/camel/Message;Lorg/apache/jena/rdf/model/Resource;)Ljava/lang/String;" line="123"><counter type="INSTRUCTION" missed="0" covered="106"/><counter type="LINE" missed="0" covered="17"/><counter type="COMPLEXITY" missed="0" covered="1"/><counter type="METHOD" missed="0" covered="1"/></method><method name="getAuditEventType" desc="(Ljava/util/List;Ljava/util/List;)Ljava/util/Optional;" line="166"><counter type="INSTRUCTION" missed="2" covered="54"/><counter type="BRANCH" missed="2" covered="16"/><counter type="LINE" missed="1" covered="14"/><counter type="COMPLEXITY" missed="2" covered="8"/><counter type="METHOD" missed="0" covered="1"/></method><method name="lambda$serializedGraphForMessage$1" desc="(Lorg/apache/jena/rdf/model/Model;Lorg/apache/jena/rdf/model/Resource;Ljava/lang/String;)V" line="150"><counter type="INSTRUCTION" missed="0" covered="10"/><counter type="LINE" missed="0" covered="2"/><counter type="COMPLEXITY" missed="0" covered="1"/><counter type="METHOD" missed="0" covered="1"/></method><method name="lambda$serializedGraphForMessage$0" desc="(Lorg/apache/jena/rdf/model/Model;Lorg/apache/jena/rdf/model/Resource;Ljava/lang/String;)V" line="146"><counter type="INSTRUCTION" missed="0" covered="11"/><counter type="LINE" missed="0" covered="2"/><counter type="COMPLEXITY" missed="0" covered="1"/><counter type="METHOD" missed="0" covered="1"/></method><method name="&lt;clinit&gt;" desc="()V" line="104"><counter type="INSTRUCTION" missed="0" covered="22"/><counter type="LINE" missed="0" covered="7"/><counter type="COMPLEXITY" missed="0" covered="1"/><counter type="METHOD" missed="0" covered="1"/></method><counter type="INSTRUCTION" missed="2" covered="264"/><counter type="BRANCH" missed="2" covered="16"/><counter type="LINE" missed="1" covered="54"/><counter type="COMPLEXITY" missed="2" covered="14"/><counter type="METHOD" missed="0" covered="7"/><counter type="CLASS" missed="0" covered="1"/></class><sourcefile name="AuditSparqlProcessor.java"><line nr="62" mi="0" ci="3" mb="0" cb="0"/><line nr="87" mi="0" ci="3" mb="0" cb="0"/><line nr="88" mi="0" ci="6" mb="0" cb="0"/><line nr="89" mi="0" ci="6" mb="0" cb="0"/><line nr="90" mi="0" ci="12" mb="0" cb="0"/><line nr="93" mi="0" ci="5" mb="0" cb="0"/><line nr="94" mi="0" ci="8" mb="0" cb="0"/><line nr="97" mi="0" ci="4" mb="0" cb="0"/><line nr="98" mi="0" ci="5" mb="0" cb="0"/><line nr="99" mi="0" ci="4" mb="0" cb="0"/><line nr="100" mi="0" ci="4" mb="0" cb="0"/><line nr="101" mi="0" ci="1" mb="0" cb="0"/><line nr="104" mi="0" ci="3" mb="0" cb="0"/><line nr="105" mi="0" ci="3" mb="0" cb="0"/><line nr="106" mi="0" ci="3" mb="0" cb="0"/><line nr="108" mi="0" ci="3" mb="0" cb="0"/><line nr="109" mi="0" ci="3" mb="0" cb="0"/><line nr="110" mi="0" ci="3" mb="0" cb="0"/><line nr="111" mi="0" ci="4" mb="0" cb="0"/><line nr="123" mi="0" ci="4" mb="0" cb="0"/><line nr="124" mi="0" ci="2" mb="0" cb="0"/><line nr="128" mi="0" ci="7" mb="0" cb="0"/><line nr="129" mi="0" ci="7" mb="0" cb="0"/><line nr="131" mi="0" ci="7" mb="0" cb="0"/><line nr="133" mi="0" ci="7" mb="0" cb="0"/><line nr="134" mi="0" ci="7" mb="0" cb="0"/><line nr="135" mi="0" ci="4" mb="0" cb="0"/><line nr="137" mi="0" ci="8" mb="0" cb="0"/><line nr="138" mi="0" ci="8" mb="0" cb="0"/><line nr="139" mi="0" ci="8" mb="0" cb="0"/><line nr="142" mi="0" ci="10" mb="0" cb="0"/><line nr="143" mi="0" ci="9" mb="0" cb="0"/><line nr="145" mi="0" ci="5" mb="0" cb="0"/><line nr="146" mi="0" ci="10" mb="0" cb="0"/><line nr="147" mi="0" ci="1" mb="0" cb="0"/><line nr="149" mi="0" ci="5" mb="0" cb="0"/><line nr="150" mi="0" ci="9" mb="0" cb="0"/><line nr="151" mi="0" ci="1" mb="0" cb="0"/><line nr="153" mi="0" ci="4" mb="0" cb="0"/><line nr="154" mi="0" ci="4" mb="0" cb="0"/><line nr="166" mi="0" ci="8" mb="0" cb="4"/><line nr="167" mi="0" ci="4" mb="0" cb="2"/><line nr="168" mi="0" ci="3" mb="0" cb="0"/><line nr="170" mi="0" ci="3" mb="0" cb="0"/><line nr="172" mi="0" ci="6" mb="0" cb="2"/><line nr="173" mi="0" ci="2" mb="0" cb="2"/><line nr="174" mi="0" ci="4" mb="0" cb="2"/><line nr="175" mi="0" ci="3" mb="0" cb="0"/><line nr="177" mi="0" ci="3" mb="0" cb="0"/><line nr="179" mi="0" ci="6" mb="1" cb="1"/><line nr="180" mi="0" ci="2" mb="1" cb="1"/><line nr="181" mi="0" ci="4" mb="0" cb="2"/><line nr="182" mi="0" ci="3" mb="0" cb="0"/><line nr="184" mi="0" ci="3" mb="0" cb="0"/><line nr="187" mi="2" ci="0" mb="0" cb="0"/><counter type="INSTRUCTION" missed="2" covered="264"/><counter type="BRANCH" missed="2" covered="16"/><counter type="LINE" missed="1" covered="54"/><counter type="COMPLEXITY" missed="2" covered="14"/><counter type="METHOD" missed="0" covered="7"/><counter type="CLASS" missed="0" covered="1"/></sourcefile><sourcefile name="EventRouter.java"><line nr="39" mi="0" ci="3" mb="0" cb="0"/><line nr="41" mi="0" ci="4" mb="0" cb="0"/><line nr="51" mi="0" ci="4" mb="0" cb="0"/><line nr="52" mi="0" ci="2" mb="0" cb="0"/><line nr="53" mi="0" ci="2" mb="0" cb="0"/><line nr="58" mi="0" ci="4" mb="0" cb="0"/><line nr="59" mi="0" ci="4" mb="0" cb="0"/><line nr="60" mi="0" ci="3" mb="0" cb="0"/><line nr="61" mi="0" ci="11" mb="0" cb="0"/><line nr="62" mi="0" ci="5" mb="0" cb="0"/><line nr="63" mi="0" ci="14" mb="0" cb="0"/><line nr="64" mi="0" ci="5" mb="0" cb="0"/><line nr="65" mi="0" ci="3" mb="0" cb="0"/><line nr="66" mi="0" ci="2" mb="0" cb="0"/><line nr="68" mi="0" ci="4" mb="0" cb="0"/><line nr="69" mi="0" ci="4" mb="0" cb="0"/><line nr="70" mi="0" ci="6" mb="0" cb="0"/><line nr="71" mi="0" ci="5" mb="0" cb="0"/><line nr="72" mi="0" ci="3" mb="0" cb="0"/><line nr="74" mi="0" ci="2" mb="0" cb="0"/><line nr="75" mi="0" ci="1" mb="0" cb="0"/><counter type="INSTRUCTION" missed="0" covered="91"/><counter type="LINE" missed="0" covered="21"/><counter type="COMPLEXITY" missed="0" covered="4"/><counter type="METHOD" missed="0" covered="4"/><counter type="CLASS" missed="0" covered="1"/></sourcefile><counter type="INSTRUCTION" missed="2" covered="355"/><counter type="BRANCH" missed="2" covered="16"/><counter type="LINE" missed="1" covered="75"/><counter type="COMPLEXITY" missed="2" covered="18"/><counter type="METHOD" missed="0" covered="11"/><counter type="CLASS" missed="0" covered="2"/></package><counter type="INSTRUCTION" missed="2" covered="355"/><counter type="BRANCH" missed="2" covered="16"/><counter type="LINE" missed="1" covered="75"/><counter type="COMPLEXITY" missed="2" covered="18"/><counter type="METHOD" missed="0" covered="11"/><counter type="CLASS" missed="0" covered="2"/></group><counter type="INSTRUCTION" missed="2" covered="355"/><counter type="BRANCH" missed="2" covered="16"/><counter type="LINE" missed="1" covered="75"/><counter type="COMPLEXITY" missed="2" covered="18"/><counter type="METHOD" missed="0" covered="11"/><counter type="CLASS" missed="0" covered="2"/></report>